<?xml version="1.0" encoding="UTF-8"?>
<!-- Generated by org.testng.reporters.JUnitReportReporter -->
<testsuite hostname="Yudas-MacBook-Pro.local" failures="0" tests="1" name="com.altonaut.tests.login.LoginTest" time="15.084" errors="0" timestamp="2024-12-18T18:47:51 WIB" skipped="0">
  <testcase classname="com.altonaut.tests.login.LoginTest" name="testLogin" time="15.084"/>
  <system-out/>
</testsuite> <!-- com.altonaut.tests.login.LoginTest -->
