<?xml version="1.0" encoding="UTF-8"?>
<!-- Generated by org.testng.reporters.JUnitReportReporter -->
<testsuite hostname="Yudas-MacBook-Pro.local" failures="0" tests="1" name="com.altonaut.tests.login.LoginTest" time="16.959" errors="0" timestamp="2025-01-08T10:24:33 WIB" skipped="0">
  <testcase classname="com.altonaut.tests.login.LoginTest" name="testLogin" time="16.959"/>
  <system-out/>
</testsuite> <!-- com.altonaut.tests.login.LoginTest -->
