<?xml version="1.0" encoding="UTF-8"?>
<!-- Generated by org.testng.reporters.JUnitReportReporter -->
<testsuite hostname="Yudas-MacBook-Pro.local" failures="0" tests="1" name="com.altonaut.tests.login.LoginTest" time="17.764" errors="0" timestamp="2024-12-19T11:47:56 WIB" skipped="0">
  <testcase classname="com.altonaut.tests.login.LoginTest" name="testLogin" time="17.764"/>
  <system-out/>
</testsuite> <!-- com.altonaut.tests.login.LoginTest -->
